Traceback (most recent call last):
  File "/private7/projects/Combinatorics/Code/pileup_with_subparsers.py", line 23, in <module>
    from pybedtools import BedTool
  File "/home/alu/kobish/anaconda3/envs/combinatorics/lib/python3.10/site-packages/pybedtools/__init__.py", line 16, in <module>
    from . import contrib
  File "/home/alu/kobish/anaconda3/envs/combinatorics/lib/python3.10/site-packages/pybedtools/contrib/__init__.py", line 3, in <module>
    from . import venn_maker
  File "/home/alu/kobish/anaconda3/envs/combinatorics/lib/python3.10/site-packages/pybedtools/contrib/venn_maker.py", line 11, in <module>
    from pybedtools import helpers
  File "/home/alu/kobish/anaconda3/envs/combinatorics/lib/python3.10/site-packages/pybedtools/helpers.py", line 12, in <module>
    import pysam
  File "/home/alu/kobish/anaconda3/envs/combinatorics/lib/python3.10/site-packages/pysam/__init__.py", line 4, in <module>
    from pysam.libchtslib import *
  File "pysam/libchtslib.pyx", line 1, in init pysam.libchtslib
  File "<frozen importlib._bootstrap>", line 1027, in _find_and_load
  File "<frozen importlib._bootstrap>", line 1002, in _find_and_load_unlocked
  File "<frozen importlib._bootstrap>", line 945, in _find_spec
  File "<frozen importlib._bootstrap_external>", line 1439, in find_spec
  File "<frozen importlib._bootstrap_external>", line 1411, in _get_spec
  File "<frozen importlib._bootstrap_external>", line 1577, in find_spec
  File "<frozen importlib._bootstrap_external>", line 161, in _path_isfile
  File "<frozen importlib._bootstrap_external>", line 153, in _path_is_mode_type
  File "<frozen importlib._bootstrap_external>", line 147, in _path_stat
KeyboardInterrupt
